<?xml version="1.0" encoding="UTF-8"?>
<!-- Generated by org.testng.reporters.JUnitXMLReporter -->
<testsuite ignored="0" hostname="NETWIN-PC63" failures="0" tests="2" name="Default test" time="56.978" errors="0" timestamp="17 Apr 2018 03:28:08 GMT">
  <testcase classname="com.konnect.testcases.KonnectionsPageTest" name="Logoutfromkonnections" time="0.896"/>
  <testcase classname="com.konnect.testcases.KonnectionsPageTest" name="SecondLogin" time="19.072"/>
</testsuite> <!-- Default test -->
