<?xml version="1.0" encoding="UTF-8"?>
<!-- Generated by org.testng.reporters.JUnitXMLReporter -->
<testsuite ignored="0" hostname="NETWIN-PC63" failures="0" tests="15" name="Update Project TestCases" time="231.64" errors="0" timestamp="29 Mar 2018 08:14:00 GMT">
  <testcase classname="com.konnect.testcases.UpdateProjectPageTabTest" name="ValidateProjectSearchIcon" time="30.432"/>
  <testcase classname="com.konnect.testcases.UpdateProjectPageTabTest" name="ValidateExistingProjectname" time="11.843"/>
  <testcase classname="com.konnect.testcases.UpdateProjectPageTabTest" name="UpdateProjectDescription" time="2.287"/>
  <testcase classname="com.konnect.testcases.UpdateProjectPageTabTest" name="SetCalendarExpiryDate" time="0.447"/>
  <testcase classname="com.konnect.testcases.UpdateProjectPageTabTest" name="UpdateGroupMembersandManagers" time="19.669"/>
  <testcase classname="com.konnect.testcases.UpdateProjectPageTabTest" name="UpdatePrioritytoHigh" time="1.248"/>
  <testcase classname="com.konnect.testcases.UpdateProjectPageTabTest" name="UpdateProjectTab" time="0.717"/>
  <testcase classname="com.konnect.testcases.UpdateProjectPageTabTest" name="ValidateUpdatedProjectToastMessage" time="0.04"/>
  <testcase classname="com.konnect.testcases.UpdateProjectPageTabTest" name="logout" time="0.88"/>
  <testcase classname="com.konnect.testcases.UpdateProjectNotesTab" name="ValidateProjectSearchIcon" time="30.442"/>
  <testcase classname="com.konnect.testcases.UpdateProjectNotesTab" name="ValidateExistingProjectname" time="14.841"/>
  <testcase classname="com.konnect.testcases.UpdateProjectNotesTab" name="ValidateNotesTabNavigation" time="5.141"/>
  <testcase classname="com.konnect.testcases.UpdateProjectNotesTab" name="UpdateProjectNotesname" time="19.373"/>
  <testcase classname="com.konnect.testcases.UpdateProjectNotesTab" name="SelectandAddNotesTag" time="15.657"/>
  <testcase classname="com.konnect.testcases.UpdateProjectNotesTab" name="VerifyAddedNotesTagToastMessage" time="0.049"/>
</testsuite> <!-- Update Project TestCases -->
