<?xml version="1.0" encoding="UTF-8"?>
<!-- Generated by org.testng.reporters.JUnitXMLReporter -->
<testsuite ignored="0" hostname="NETWIN-PC63" failures="0" tests="4" name="Groups Creation" time="80.077" errors="0" timestamp="09 Apr 2018 03:26:09 GMT">
  <testcase classname="com.konnect.testcases.GroupsPageTest" name="ClickOnGroupsLink" time="0.061"/>
  <testcase classname="com.konnect.testcases.GroupsPageTest" name="ClickOnAddNewGroupButton" time="31.363"/>
  <testcase classname="com.konnect.testcases.GroupsPageTest" name="ProvideNewGroupName" time="3.782"/>
  <testcase classname="com.konnect.testcases.GroupsPageTest" name="validateCreatedNewGroup" time="8.182"/>
</testsuite> <!-- Groups Creation -->
