<?xml version="1.0" encoding="UTF-8"?>
<!-- Generated by org.testng.reporters.JUnitXMLReporter -->
<testsuite ignored="0" hostname="NETWIN-PC63" failures="0" tests="1" name="Update Project TaskTab,FilesTab, DiscussionTab TestCases" time="55.086" errors="0" timestamp="05 Apr 2018 02:26:30 GMT">
  <testcase classname="com.konnect.testcases.UpdateProjectTaskTabTest" name="ValidateProjectSearchIconforTask" time="30.242"/>
</testsuite> <!-- Update Project TaskTab,FilesTab, DiscussionTab TestCases -->
