<?xml version="1.0" encoding="UTF-8"?>
<testng-results ignored="0" total="3" passed="3" failed="0" skipped="0">
  <reporter-output>
  </reporter-output>
  <suite started-at="2018-04-20T06:02:06Z" name="Default suite" finished-at="2018-04-20T06:03:36Z" duration-ms="90968">
    <groups>
    </groups>
    <test started-at="2018-04-20T06:02:06Z" name="Default test" finished-at="2018-04-20T06:03:36Z" duration-ms="90968">
      <class name="com.konnect.testcases.UpdateMyNotesPageTest">
        <test-method is-config="true" signature="setup()[pri:0, instance:com.konnect.testcases.UpdateMyNotesPageTest@6be968ce]" started-at="2018-04-20T06:02:06Z" name="setup" finished-at="2018-04-20T06:02:32Z" duration-ms="26463" status="PASS">
          <reporter-output>
          </reporter-output>
        </test-method> <!-- setup -->
        <test-method signature="ClickonMyNotes()[pri:1, instance:com.konnect.testcases.UpdateMyNotesPageTest@6be968ce]" started-at="2018-04-20T06:02:32Z" name="ClickonMyNotes" finished-at="2018-04-20T06:02:32Z" duration-ms="117" status="PASS">
          <reporter-output>
          </reporter-output>
        </test-method> <!-- ClickonMyNotes -->
        <test-method signature="AddNewNotesTest(java.lang.String, java.lang.String, java.lang.String, java.lang.String, java.lang.String, java.lang.String)[pri:2, instance:com.konnect.testcases.UpdateMyNotesPageTest@6be968ce]" started-at="2018-04-20T06:02:33Z" name="AddNewNotesTest" description="***Added Notes Details Successfully..!!!***" data-provider="MyNoteUpdate" finished-at="2018-04-20T06:03:35Z" duration-ms="61864" status="PASS">
          <params>
            <param index="0">
              <value>
                <![CDATA[GTKonnect13]]>
              </value>
            </param>
            <param index="1">
              <value>
                <![CDATA[https://gtdataqa.ikonnectplus.com/]]>
              </value>
            </param>
            <param index="2">
              <value>
                <![CDATA[My Notes]]>
              </value>
            </param>
            <param index="3">
              <value>
                <![CDATA[Content Portal]]>
              </value>
            </param>
            <param index="4">
              <value>
                <![CDATA[Konnectplus3]]>
              </value>
            </param>
            <param index="5">
              <value>
                <![CDATA[Konnectplus33]]>
              </value>
            </param>
          </params>
          <reporter-output>
          </reporter-output>
        </test-method> <!-- AddNewNotesTest -->
        <test-method signature="Logout()[pri:3, instance:com.konnect.testcases.UpdateMyNotesPageTest@6be968ce]" started-at="2018-04-20T06:03:35Z" name="Logout" description="***Logged Out Successfully***" finished-at="2018-04-20T06:03:36Z" duration-ms="909" status="PASS">
          <reporter-output>
          </reporter-output>
        </test-method> <!-- Logout -->
        <test-method is-config="true" signature="teardown()[pri:0, instance:com.konnect.testcases.UpdateMyNotesPageTest@6be968ce]" started-at="2018-04-20T06:03:36Z" name="teardown" finished-at="2018-04-20T06:03:36Z" duration-ms="676" status="PASS">
          <reporter-output>
          </reporter-output>
        </test-method> <!-- teardown -->
      </class> <!-- com.konnect.testcases.UpdateMyNotesPageTest -->
    </test> <!-- Default test -->
  </suite> <!-- Default suite -->
</testng-results>
