<?xml version="1.0" encoding="UTF-8"?>
<!-- Generated by org.testng.reporters.JUnitXMLReporter -->
<testsuite ignored="0" hostname="NETWIN-PC63" failures="0" tests="3" name="Update Project TaskTab,FilesTab, DiscussionTab TestCases" time="93.86" errors="0" timestamp="06 Apr 2018 06:49:32 GMT">
  <testcase classname="com.konnect.testcases.UpdateProjectDiscussionTabTest" name="ValidateProjectSearchIconforDiscussion" time="30.25"/>
  <testcase classname="com.konnect.testcases.UpdateProjectDiscussionTabTest" name="SearchProjectnameforDiscussionUpdate" time="9.896"/>
  <testcase classname="com.konnect.testcases.UpdateProjectDiscussionTabTest" name="ValidateProjectDiscussionTab" time="11.646"/>
</testsuite> <!-- Update Project TaskTab,FilesTab, DiscussionTab TestCases -->
