<?xml version="1.0" encoding="UTF-8"?>
<!-- Generated by org.testng.reporters.JUnitXMLReporter -->
<testsuite ignored="0" hostname="NETWIN-PC63" failures="0" tests="9" name="Update Project ProjectTab, NotesTab, LinkTab TestCases" time="107.336" errors="0" timestamp="09 Apr 2018 03:21:42 GMT">
  <testcase classname="com.konnect.testcases.UpdateProjectPageTabTest" name="ValidateProjectSearchIcon" time="31.348"/>
  <testcase classname="com.konnect.testcases.UpdateProjectPageTabTest" name="ValidateExistingProjectname" time="12.843"/>
  <testcase classname="com.konnect.testcases.UpdateProjectPageTabTest" name="UpdateProjectDescription" time="2.412"/>
  <testcase classname="com.konnect.testcases.UpdateProjectPageTabTest" name="SetCalendarExpiryDate" time="0.429"/>
  <testcase classname="com.konnect.testcases.UpdateProjectPageTabTest" name="UpdateGroupMembersandManagers" time="19.615"/>
  <testcase classname="com.konnect.testcases.UpdateProjectPageTabTest" name="UpdatePrioritytoHigh" time="1.232"/>
  <testcase classname="com.konnect.testcases.UpdateProjectPageTabTest" name="UpdateProjectTab" time="1.063"/>
  <testcase classname="com.konnect.testcases.UpdateProjectPageTabTest" name="ValidateUpdatedProjectToastMessage" time="0.035"/>
  <testcase classname="com.konnect.testcases.UpdateProjectPageTabTest" name="LoggedoutfromProjectTab" time="0.956"/>
</testsuite> <!-- Update Project ProjectTab, NotesTab, LinkTab TestCases -->
