<?xml version="1.0" encoding="UTF-8"?>
<!-- Generated by org.testng.reporters.JUnitXMLReporter -->
<testsuite ignored="0" hostname="NETWIN-PC63" failures="0" tests="16" name="MytestCase" time="233.823" errors="0" timestamp="29 Mar 2018 06:28:23 GMT">
  <testcase classname="com.konnect.testcases.UpdateProjectPageTabTest" name="test1" time="30.41"/>
  <testcase classname="com.konnect.testcases.UpdateProjectPageTabTest" name="test1" time="11.819"/>
  <testcase classname="com.konnect.testcases.UpdateProjectPageTabTest" name="test1" time="2.338"/>
  <testcase classname="com.konnect.testcases.UpdateProjectPageTabTest" name="test1" time="0.372"/>
  <testcase classname="com.konnect.testcases.UpdateProjectPageTabTest" name="test1" time="19.677"/>
  <testcase classname="com.konnect.testcases.UpdateProjectPageTabTest" name="test1" time="1.237"/>
  <testcase classname="com.konnect.testcases.UpdateProjectPageTabTest" name="test1" time="3.295"/>
  <testcase classname="com.konnect.testcases.UpdateProjectPageTabTest" name="test1" time="0.033"/>
  <testcase classname="com.konnect.testcases.UpdateProjectPageTabTest" name="test1" time="0.972"/>
  <testcase classname="com.konnect.testcases.UpdateProjectNotesTab" name="test2" time="30.372"/>
  <testcase classname="com.konnect.testcases.UpdateProjectNotesTab" name="test2" time="14.866"/>
  <testcase classname="com.konnect.testcases.UpdateProjectNotesTab" name="test2" time="5.136"/>
  <testcase classname="com.konnect.testcases.UpdateProjectNotesTab" name="test2" time="19.336"/>
  <testcase classname="com.konnect.testcases.UpdateProjectNotesTab" name="test2" time="15.58"/>
  <testcase classname="com.konnect.testcases.UpdateProjectNotesTab" name="test2" time="0.03"/>
  <testcase classname="com.konnect.testcases.UpdateProjectNotesTab" name="test2" time="0.855"/>
</testsuite> <!-- MytestCase -->
